<?xml version="1.0" encoding="UTF-8"?>
<!-- Generated by org.testng.reporters.JUnitReportReporter -->
<testsuite hostname="ACER-E5-ANU" failures="0" tests="1" name="elementTest.flightsTest" time="41.643" errors="0" timestamp="2021-12-16T00:50:02 IST" skipped="0">
  <testcase classname="elementTest.flightsTest" name="loginPage" time="41.643"/>
  <system-out/>
</testsuite> <!-- elementTest.flightsTest -->
