<?xml version="1.0" encoding="UTF-8"?>
<!-- Generated by org.testng.reporters.JUnitReportReporter -->
<testsuite hostname="ACER-E5-ANU" failures="0" tests="1" name="elementTest.toolstest" time="50.640" errors="0" timestamp="2021-12-13T18:08:36 IST" skipped="0">
  <testcase classname="elementTest.toolstest" name="loginPage" time="50.640"/>
  <system-out/>
</testsuite> <!-- elementTest.toolstest -->
