<?xml version="1.0" encoding="UTF-8"?>
<!-- Generated by org.testng.reporters.JUnitReportReporter -->
<testsuite hostname="ACER-E5-ANU" failures="0" tests="1" name="elementTest.flightPageTest" time="53.433" errors="0" timestamp="2021-12-13T18:08:36 IST" skipped="0">
  <testcase classname="elementTest.flightPageTest" name="loginPage" time="53.433"/>
  <system-out/>
</testsuite> <!-- elementTest.flightPageTest -->
